<?xml version="1.0" encoding="UTF-8" ?>
<testsuite errors="0" failures="0" name="org.apache.commons.math.special.ErfTest" tests="5" time="0.064">
  <properties>
[...]
</properties>
  <testcase classname="org.apache.commons.math.special.ErfTest" name="testErf0" time="0.01"></testcase>
  <testcase classname="org.apache.commons.math.special.ErfTest" name="testErf1960" time="0.0010"></testcase>
  <testcase classname="org.apache.commons.math.special.ErfTest" name="testErf2576" time="0.0010"></testcase>
  <testcase classname="org.apache.commons.math.special.ErfTest" name="testErf2807" time="0.0"></testcase>
  <testcase classname="org.apache.commons.math.special.ErfTest" name="testErf3291" time="0.0"></testcase>
  <system-out><![CDATA[]]></system-out>
  <system-err><![CDATA[]]></system-err>
</testsuite>
