<?xml version="1.0" encoding="UTF-8" ?>
<testsuite errors="0" failures="0" name="org.apache.commons.jelly.test.xml.TestXMLParserCache" tests="2" time="0.468">
  <properties>
[...]
</properties>
  <testcase classname="org.apache.commons.jelly.test.xml.TestXMLParserCache" name="testParserCache1" time="0.234"></testcase>
  <testcase classname="org.apache.commons.jelly.test.xml.TestXMLParserCache" name="testParserCache2" time="0.061"></testcase>
  <system-out><![CDATA[]]></system-out>
  <system-err><![CDATA[Jan 22, 2006 9:18:20 AM org.apache.commons.jelly.parser.XMLParser error
SEVERE: Parse Error at line 31 column 33: Attribute "varicose" is required and must be specified for element type "set".
org.xml.sax.SAXParseException: Attribute "varicose" is required and must be specified for element type "set".
	at org.apache.xerces.util.ErrorHandlerWrapper.createSAXParseException(Unknown Source)
	at org.apache.xerces.util.ErrorHandlerWrapper.error(Unknown Source)
	at org.apache.xerces.impl.XMLErrorReporter.reportError(Unknown Source)
	at org.apache.xerces.impl.XMLErrorReporter.reportError(Unknown Source)
	at org.apache.xerces.impl.dtd.XMLDTDValidator.addDTDDefaultAttrsAndValidate(Unknown Source)
	at org.apache.xerces.impl.dtd.XMLDTDValidator.handleStartElement(Unknown Source)
	at org.apache.xerces.impl.dtd.XMLDTDValidator.emptyElement(Unknown Source)
	at org.apache.xerces.impl.XMLNSDocumentScannerImpl.scanStartElement(Unknown Source)
	at org.apache.xerces.impl.XMLDocumentFragmentScannerImpl$FragmentContentDispatcher.dispatch(Unknown Source)
	at org.apache.xerces.impl.XMLDocumentFragmentScannerImpl.scanDocument(Unknown Source)
	at org.apache.xerces.parsers.DTDConfiguration.parse(Unknown Source)
	at org.apache.xerces.parsers.DTDConfiguration.parse(Unknown Source)
	at org.apache.xerces.parsers.XMLParser.parse(Unknown Source)
	at org.apache.xerces.parsers.AbstractSAXParser.parse(Unknown Source)
	at org.apache.commons.jelly.parser.XMLParser.parse(XMLParser.java:238)
	at org.apache.commons.jelly.Jelly.compileScript(Jelly.java:153)
	at org.apache.commons.jelly.test.xml.TestXMLParserCache.testParserCache1(TestXMLParserCache.java:82)
	at sun.reflect.NativeMethodAccessorImpl.invoke0(Native Method)
	at sun.reflect.NativeMethodAccessorImpl.invoke(NativeMethodAccessorImpl.java:39)
	at sun.reflect.DelegatingMethodAccessorImpl.invoke(DelegatingMethodAccessorImpl.java:25)
	at java.lang.reflect.Method.invoke(Method.java:585)
	at junit.framework.TestCase.runTest(TestCase.java:154)
	at junit.framework.TestCase.runBare(TestCase.java:127)
	at junit.framework.TestResult$1.protect(TestResult.java:106)
	at junit.framework.TestResult.runProtected(TestResult.java:124)
	at junit.framework.TestResult.run(TestResult.java:109)
	at junit.framework.TestCase.run(TestCase.java:118)
	at junit.framework.TestSuite.runTest(TestSuite.java:208)
	at junit.framework.TestSuite.run(TestSuite.java:203)
	at org.apache.tools.ant.taskdefs.optional.junit.JUnitTestRunner.run(JUnitTestRunner.java:297)
	at org.apache.tools.ant.taskdefs.optional.junit.JUnitTestRunner.launch(JUnitTestRunner.java:672)
	at org.apache.tools.ant.taskdefs.optional.junit.JUnitTestRunner.main(JUnitTestRunner.java:567)
]]></system-err>
</testsuite>
