<?xml version="1.0" encoding="UTF-8" ?>
<testsuite errors="0" failures="0" name="org.apache.commons.jelly.TestJelly" tests="19" time="0.207">
  <properties>
[...]
</properties>
  <testcase classname="org.apache.commons.jelly.tags.junit.CaseTag$1" name="testSetAndRemove" time="0.027"></testcase>
  <testcase classname="org.apache.commons.jelly.tags.junit.CaseTag$1" name="testSetWithDefault" time="0.0010"></testcase>
  <testcase classname="org.apache.commons.jelly.tags.junit.CaseTag$1" name="testScope" time="0.0020"></testcase>
  <testcase classname="org.apache.commons.jelly.tags.junit.CaseTag$1" name="testChoose" time="0.0090"></testcase>
  <testcase classname="org.apache.commons.jelly.tags.junit.CaseTag$1" name="testIf" time="0.0020"></testcase>
  <testcase classname="org.apache.commons.jelly.tags.junit.CaseTag$1" name="testNewAndSetProperties" time="0.026"></testcase>
  <testcase classname="org.apache.commons.jelly.tags.junit.CaseTag$1" name="testUseBean" time="0.0010"></testcase>
  <testcase classname="org.apache.commons.jelly.tags.junit.CaseTag$1" name="testUseBeanWithSetProperties" time="0.0020"></testcase>
  <testcase classname="org.apache.commons.jelly.tags.junit.CaseTag$1" name="testSetWithNoEncoding" time="0.0040"></testcase>
  <testcase classname="org.apache.commons.jelly.tags.junit.CaseTag$1" name="testFileToVar" time="0.0050"></testcase>
  <testcase classname="org.apache.commons.jelly.tags.junit.CaseTag$1" name="testTrim" time="0.013"></testcase>
  <testcase classname="org.apache.commons.jelly.tags.junit.CaseTag$1" name="testBreak" time="0.014"></testcase>
  <testcase classname="org.apache.commons.jelly.tags.junit.CaseTag$1" name="testBreakWithIf" time="0.0010"></testcase>
  <testcase classname="org.apache.commons.jelly.tags.junit.CaseTag$1" name="testVariablesWithDots" time="0.0010"></testcase>
  <testcase classname="org.apache.commons.jelly.tags.junit.CaseTag$1" name="testImport" time="0.019"></testcase>
  <testcase classname="org.apache.commons.jelly.tags.junit.CaseTag$1" name="testMuteTag" time="0.0030"></testcase>
  <testcase classname="org.apache.commons.jelly.tags.junit.CaseTag$1" name="testForEachWithString" time="0.012"></testcase>
  <testcase classname="org.apache.commons.jelly.tags.junit.CaseTag$1" name="testFileTag" time="0.018"></testcase>
  <testcase classname="org.apache.commons.jelly.tags.junit.CaseTag$1" name="testFileToVarAppend" time="0.0"></testcase>
  <system-out><![CDATA[this should always workthis should always workthis should always workthis should always work

        Created a new bean: org.apache.commons.jelly.core.Customer@1893efe[name=James;city=London]
            
        

        Created a new bean: org.apache.commons.jelly.core.Customer@15a8767[name=James;city=London]
            
                    
                                        
        Created a new bean: org.apache.commons.jelly.core.Customer@1feca64[name=Bob;city=Atlanta]
            
        ]]></system-out>
  <system-err><![CDATA[]]></system-err>
</testsuite>
